<?xml version="1.0" encoding="UTF-8"?>
<testng-results ignored="4" total="6" passed="2" failed="0" skipped="0">
  <reporter-output>
  </reporter-output>
  <suite started-at="2024-07-18T19:33:28 IST" name="Suite" finished-at="2024-07-18T19:34:55 IST" duration-ms="86925">
    <groups>
    </groups>
    <test started-at="2024-07-18T19:33:28 IST" name="Sanity" finished-at="2024-07-18T19:34:55 IST" duration-ms="86925">
      <class name="Products.CreateProductTest">
        <test-method is-config="true" signature="BS()[pri:0, instance:Products.CreateProductTest@2892d68]" started-at="2024-07-18T19:33:28 IST" name="BS" finished-at="2024-07-18T19:33:28 IST" duration-ms="17" status="PASS">
          <reporter-output>
          </reporter-output>
        </test-method> <!-- BS -->
        <test-method is-config="true" signature="BT()[pri:0, instance:Products.CreateProductTest@2892d68]" started-at="2024-07-18T19:33:28 IST" name="BT" finished-at="2024-07-18T19:33:28 IST" duration-ms="1" status="PASS">
          <reporter-output>
          </reporter-output>
        </test-method> <!-- BT -->
        <test-method is-config="true" signature="BC()[pri:0, instance:Products.CreateProductTest@2892d68]" started-at="2024-07-18T19:33:28 IST" name="BC" finished-at="2024-07-18T19:33:32 IST" duration-ms="4277" status="PASS">
          <reporter-output>
          </reporter-output>
        </test-method> <!-- BC -->
        <test-method is-config="true" signature="BM()[pri:0, instance:Products.CreateProductTest@2892d68]" started-at="2024-07-18T19:33:32 IST" name="BM" finished-at="2024-07-18T19:33:52 IST" duration-ms="19712" status="PASS">
          <reporter-output>
          </reporter-output>
        </test-method> <!-- BM -->
        <test-method signature="createProductTest()[pri:0, instance:Products.CreateProductTest@2892d68]" started-at="2024-07-18T19:33:52 IST" name="createProductTest" finished-at="2024-07-18T19:34:29 IST" duration-ms="37039" status="PASS">
          <reporter-output>
          </reporter-output>
        </test-method> <!-- createProductTest -->
        <test-method is-config="true" signature="AM()[pri:0, instance:Products.CreateProductTest@2892d68]" started-at="2024-07-18T19:34:29 IST" name="AM" finished-at="2024-07-18T19:34:29 IST" duration-ms="1" status="PASS">
          <reporter-output>
          </reporter-output>
        </test-method> <!-- AM -->
        <test-method is-config="true" signature="AC()[pri:0, instance:Products.CreateProductTest@2892d68]" started-at="2024-07-18T19:34:29 IST" name="AC" finished-at="2024-07-18T19:34:29 IST" duration-ms="2" status="PASS">
          <reporter-output>
          </reporter-output>
        </test-method> <!-- AC -->
        <test-method is-config="true" signature="AT()[pri:0, instance:Products.CreateProductTest@2892d68]" started-at="2024-07-18T19:34:55 IST" name="AT" finished-at="2024-07-18T19:34:55 IST" duration-ms="1" status="PASS">
          <reporter-output>
          </reporter-output>
        </test-method> <!-- AT -->
        <test-method is-config="true" signature="AS()[pri:0, instance:Products.CreateProductTest@2892d68]" started-at="2024-07-18T19:34:55 IST" name="AS" finished-at="2024-07-18T19:34:55 IST" duration-ms="1" status="PASS">
          <reporter-output>
          </reporter-output>
        </test-method> <!-- AS -->
      </class> <!-- Products.CreateProductTest -->
      <class name="Campaigns.CreateCampaignsTest">
        <test-method is-config="true" signature="BC()[pri:0, instance:Campaigns.CreateCampaignsTest@46cdf8bd]" started-at="2024-07-18T19:34:29 IST" name="BC" finished-at="2024-07-18T19:34:30 IST" duration-ms="1762" status="PASS">
          <reporter-output>
          </reporter-output>
        </test-method> <!-- BC -->
        <test-method is-config="true" signature="BM()[pri:0, instance:Campaigns.CreateCampaignsTest@46cdf8bd]" started-at="2024-07-18T19:34:30 IST" name="BM" finished-at="2024-07-18T19:34:35 IST" duration-ms="4935" status="PASS">
          <reporter-output>
          </reporter-output>
        </test-method> <!-- BM -->
        <test-method signature="createCampaignsTest()[pri:0, instance:Campaigns.CreateCampaignsTest@46cdf8bd]" started-at="2024-07-18T19:34:35 IST" name="createCampaignsTest" finished-at="2024-07-18T19:34:55 IST" duration-ms="19099" status="PASS">
          <reporter-output>
          </reporter-output>
        </test-method> <!-- createCampaignsTest -->
        <test-method is-config="true" signature="AM()[pri:0, instance:Campaigns.CreateCampaignsTest@46cdf8bd]" started-at="2024-07-18T19:34:55 IST" name="AM" finished-at="2024-07-18T19:34:55 IST" duration-ms="0" status="PASS">
          <reporter-output>
          </reporter-output>
        </test-method> <!-- AM -->
        <test-method is-config="true" signature="AC()[pri:0, instance:Campaigns.CreateCampaignsTest@46cdf8bd]" started-at="2024-07-18T19:34:55 IST" name="AC" finished-at="2024-07-18T19:34:55 IST" duration-ms="0" status="PASS">
          <reporter-output>
          </reporter-output>
        </test-method> <!-- AC -->
      </class> <!-- Campaigns.CreateCampaignsTest -->
    </test> <!-- Sanity -->
  </suite> <!-- Suite -->
</testng-results>
